23-06-01 16:01:01.311 : Model path: model_zoo/scunet_color_real_psnr.pth
23-06-01 16:01:01.312 : Params number: 17946072
23-06-01 16:01:01.312 : model_name:scunet_color_real_psnr
23-06-01 16:01:01.312 : testsets/real3
23-06-01 16:01:01.313 :          #Params : 17.9461 [M]
23-06-01 16:01:01.313 : ---1--> sample3.jpeg
23-06-08 14:12:52.061 : Model path: model_zoo/scunet_color_real_psnr.pth
23-06-08 14:12:52.062 : Params number: 17946072
23-06-08 14:12:52.062 : model_name:scunet_color_real_psnr
23-06-08 14:12:52.062 : testsets/real3
23-06-08 14:12:52.063 :          #Params : 17.9461 [M]
23-06-08 14:12:52.063 : ---1--> sample3.jpeg
23-06-08 14:12:53.189 : ---2--> sample4.JPG
23-06-08 14:15:14.799 : ---3--> sample5.jpg
23-06-08 20:59:51.197 : Model path: model_zoo/scunet_color_real_psnr.pth
23-06-08 20:59:51.198 : Params number: 17946072
23-06-08 20:59:51.198 : model_name:scunet_color_real_psnr
23-06-08 20:59:51.198 : testsets/real3
23-06-08 20:59:51.198 :          #Params : 17.9461 [M]
23-06-08 20:59:51.199 : ---1--> imageonline-co-noisedimage-4.jpg
23-06-08 21:00:07.252 : ---2--> imageonline-co-noisedimage-5.jpg
23-06-08 21:00:22.638 : ---3--> imageonline-co-noisedimage-6.jpg
23-06-08 21:00:37.871 : ---4--> imageonline-co-noisedimage-7.jpg
23-06-08 21:00:52.994 : ---5--> sample3.jpeg
